<?xml version="1.0" encoding="UTF-8"?>
<!-- Generated by org.testng.reporters.JUnitReportReporter -->
<testsuite hostname="WPSR" failures="0" tests="2" name="practice.First_Test_Case" time="0.003" errors="0" timestamp="2023-06-29T15:42:33 IST" skipped="0">
  <testcase classname="practice.First_Test_Case" name="test1" time="0.002"/>
  <system-out/>
  <testcase classname="practice.First_Test_Case" name="test2" time="0.001"/>
  <system-out/>
</testsuite> <!-- practice.First_Test_Case -->
