<?xml version="1.0" encoding="UTF-8"?>
<!-- Generated by org.testng.reporters.JUnitReportReporter -->
<testsuite hostname="WPSR" failures="0" tests="1" name="practice.Assertions" time="11.884" errors="0" timestamp="2023-06-29T15:58:14 IST" skipped="0">
  <testcase classname="practice.Assertions" name="test" time="11.884"/>
  <system-out/>
</testsuite> <!-- practice.Assertions -->
