<?xml version="1.0" encoding="UTF-8"?>
<!-- Generated by org.testng.reporters.JUnitReportReporter -->
<testsuite hostname="WPSR" failures="0" tests="1" name="practice.Annotation1" time="0.012" errors="0" timestamp="2023-06-29T15:58:14 IST" skipped="0">
  <testcase classname="practice.Annotation1" name="test1" time="0.012"/>
  <system-out/>
</testsuite> <!-- practice.Annotation1 -->
