<?xml version="1.0" encoding="UTF-8"?>
<!-- Generated by org.testng.reporters.JUnitReportReporter -->
<testsuite hostname="WPSR" failures="0" tests="1" name="practice.Annotation" time="0.029" errors="0" timestamp="2023-06-29T15:42:33 IST" skipped="0">
  <testcase classname="practice.Annotation" name="verifyHomepageTitle" time="0.029"/>
  <system-out/>
</testsuite> <!-- practice.Annotation -->
